<?xml version="1.0" encoding="UTF-8"?>
<!-- Generated by org.testng.reporters.JUnitXMLReporter -->
<testsuite ignored="2" hostname="MSI" failures="0" tests="1" name="Default test" time="1.341" errors="0" timestamp="2022-12-15T14:04:09 EST">
  <testcase classname="petStoreApiTests.PetStoreApiTest" name="getRequestById" time="1.316"/>
  <testcase classname="petStoreApiTests.PetStoreApiTest" name="postPet" time="0.0">
    <ignored/>
  </testcase> <!-- postPet -->
  <testcase classname="petStoreApiTests.PetStoreApiTest" name="getPetById" time="0.0">
    <ignored/>
  </testcase> <!-- getPetById -->
</testsuite> <!-- Default test -->
